#
# A fatal error has been detected by the Java Runtime Environment:
#
#  EXCEPTION_ACCESS_VIOLATION (0xc0000005) at pc=0x00007ffa3459c164, pid=9508, tid=11716
#
# JRE version: Java(TM) SE Runtime Environment (19.0.2+7) (build 19.0.2+7-44)
# Java VM: Java HotSpot(TM) 64-Bit Server VM (19.0.2+7-44, mixed mode, sharing, tiered, compressed oops, compressed class ptrs, g1 gc, windows-amd64)
# Problematic frame:
# C  [cyjagent.dll+0xc164]
#
# No core dump will be written. Minidumps are not enabled by default on client versions of Windows
#
# If you would like to submit a bug report, please visit:
#   https://bugreport.java.com/bugreport/crash.jsp
# The crash happened outside the Java Virtual Machine in native code.
# See problematic frame for where to report the bug.
#

---------------  S U M M A R Y ------------

Command Line: -Didea.launcher.port=12366 -Didea.launcher.bin.path=D:\ideaIU-2019.1.4.win\bin -Dfile.encoding=UTF-8 -agentpath:C:\Program Files\Palo Alto Networks\Traps\cyjagent.dll com.intellij.rt.execution.application.AppMainV2 com.selenide.JsonToJavaConverter

Host: Intel(R) Core(TM) i7-10510U CPU @ 1.80GHz, 8 cores, 15G,  Windows 11 , 64 bit Build 22621 (10.0.22621.1344)
Time: Mon Mar 20 16:52:08 2023 India Standard Time elapsed time: 0.323419 seconds (0d 0h 0m 0s)

---------------  T H R E A D  ---------------

Current thread (0x0000015223016270):  JavaThread "Monitor Ctrl-Break" daemon [_thread_in_native, id=11716, stack(0x0000000715b00000,0x0000000715c00000)]

Stack: [0x0000000715b00000,0x0000000715c00000],  sp=0x0000000715bfd320,  free space=1012k
Native frames: (J=compiled Java code, j=interpreted, Vv=VM code, C=native code)
C  [cyjagent.dll+0xc164]

Java frames: (J=compiled Java code, j=interpreted, Vv=VM code)
j  java.lang.invoke.InnerClassLambdaMetafactory.generateInnerClass()Ljava/lang/Class;+303 java.base@19.0.2
j  java.lang.invoke.InnerClassLambdaMetafactory.spinInnerClass()Ljava/lang/Class;+114 java.base@19.0.2
j  java.lang.invoke.InnerClassLambdaMetafactory.buildCallSite()Ljava/lang/invoke/CallSite;+1 java.base@19.0.2
j  java.lang.invoke.LambdaMetafactory.metafactory(Ljava/lang/invoke/MethodHandles$Lookup;Ljava/lang/String;Ljava/lang/invoke/MethodType;Ljava/lang/invoke/MethodType;Ljava/lang/invoke/MethodHandle;Ljava/lang/invoke/MethodType;)Ljava/lang/invoke/CallSite;+67 java.base@19.0.2
j  java.lang.invoke.DirectMethodHandle$Holder.invokeStatic(Ljava/lang/Object;Ljava/lang/Object;Ljava/lang/Object;Ljava/lang/Object;Ljava/lang/Object;Ljava/lang/Object;Ljava/lang/Object;)Ljava/lang/Object;+20 java.base@19.0.2
j  java.lang.invoke.Invokers$Holder.invokeExact_MT(Ljava/lang/Object;Ljava/lang/Object;Ljava/lang/Object;Ljava/lang/Object;Ljava/lang/Object;Ljava/lang/Object;Ljava/lang/Object;Ljava/lang/Object;)Ljava/lang/Object;+28 java.base@19.0.2
j  java.lang.invoke.BootstrapMethodInvoker.invoke(Ljava/lang/Class;Ljava/lang/invoke/MethodHandle;Ljava/lang/String;Ljava/lang/Object;Ljava/lang/Object;Ljava/lang/Class;)Ljava/lang/Object;+319 java.base@19.0.2
j  java.lang.invoke.CallSite.makeSite(Ljava/lang/invoke/MethodHandle;Ljava/lang/String;Ljava/lang/invoke/MethodType;Ljava/lang/Object;Ljava/lang/Class;)Ljava/lang/invoke/CallSite;+8 java.base@19.0.2
j  java.lang.invoke.MethodHandleNatives.linkCallSiteImpl(Ljava/lang/Class;Ljava/lang/invoke/MethodHandle;Ljava/lang/String;Ljava/lang/invoke/MethodType;Ljava/lang/Object;[Ljava/lang/Object;)Ljava/lang/invoke/MemberName;+6 java.base@19.0.2
j  java.lang.invoke.MethodHandleNatives.linkCallSite(Ljava/lang/Object;Ljava/lang/Object;Ljava/lang/Object;Ljava/lang/Object;Ljava/lang/Object;[Ljava/lang/Object;)Ljava/lang/invoke/MemberName;+45 java.base@19.0.2
v  ~StubRoutines::call_stub 0x000001520f3d100e
j  sun.nio.ch.NioSocketImpl.closerFor(Ljava/io/FileDescriptor;Z)Ljava/lang/Runnable;+5 java.base@19.0.2
j  sun.nio.ch.NioSocketImpl.create(Z)V+87 java.base@19.0.2
j  java.net.DelegatingSocketImpl.create(Z)V+5 java.base@19.0.2
j  java.net.Socket.createImpl(Z)V+16 java.base@19.0.2
j  java.net.Socket.<init>(Ljava/net/SocketAddress;Ljava/net/SocketAddress;Z)V+63 java.base@19.0.2
j  java.net.Socket.<init>(Ljava/lang/String;I)V+34 java.base@19.0.2
j  com.intellij.rt.execution.application.AppMainV2$1.run()V+10
v  ~StubRoutines::call_stub 0x000001520f3d100e

siginfo: EXCEPTION_ACCESS_VIOLATION (0xc0000005), reading address 0x0000000000000000


Registers:
RAX=0x0000000000000000, RBX=0x0000015223016550, RCX=0x0000000000000000, RDX=0x00000152781a3720
RSP=0x0000000715bfd320, RBP=0x000001527a1cf8d0, RSI=0x0000000000000000, RDI=0x00000152230beeb0
R8 =0x0000000715bfd198, R9 =0x0000000000000000, R10=0x0000000000000000, R11=0x0000000000000246
R12=0x00000152230beeb0, R13=0x0000000000000000, R14=0x0000015223016270, R15=0x0000000000000000
RIP=0x00007ffa3459c164, EFLAGS=0x0000000000010202


Register to memory mapping:

RIP=0x00007ffa3459c164 cyjagent.dll
RAX=0x0 is NULL
RBX=0x0000015223016550 points into unknown readable memory: 0x00007ff9c7a0f9a0 | a0 f9 a0 c7 f9 7f 00 00
RCX=0x0 is NULL
RDX=0x00000152781a3720 points into unknown readable memory: 0x0000015223016270 | 70 62 01 23 52 01 00 00
RSP=0x0000000715bfd320 is pointing into the stack for thread: 0x0000015223016270
RBP=0x000001527a1cf8d0 points into unknown readable memory: 0x000001527a0d0750 | 50 07 0d 7a 52 01 00 00
RSI=0x0 is NULL
RDI=0x00000152230beeb0 points into unknown readable memory: 0x6e616c2f6176616a | 6a 61 76 61 2f 6c 61 6e
R8 =0x0000000715bfd198 is pointing into the stack for thread: 0x0000015223016270
R9 =0x0 is NULL
R10=0x0 is NULL
R11=0x0000000000000246 is an unknown value
R12=0x00000152230beeb0 points into unknown readable memory: 0x6e616c2f6176616a | 6a 61 76 61 2f 6c 61 6e
R13=0x0 is NULL
R14=0x0000015223016270 is a thread
R15=0x0 is NULL


Top of Stack: (sp=0x0000000715bfd320)
0x0000000715bfd320:   00000152230beeb0 0000015223016550
0x0000000715bfd330:   0000000000001c3e 0000000715bfd390
0x0000000715bfd340:   0000000000000000 00007ff9c7317bc0
0x0000000715bfd350:   000000080052fed8 000001527a1cf8d0
0x0000000715bfd360:   000000000000002c 0000000715bfd540
0x0000000715bfd370:   000001527a838060 0000000000000000
0x0000000715bfd380:   0000000715bfd578 00007ff9c743ea7e
0x0000000715bfd390:   000001527a838060 0000000000000000
0x0000000715bfd3a0:   0000000715bfd540 0000000000000000
0x0000000715bfd3b0:   00000152230beeb0 0000000000000000
0x0000000715bfd3c0:   0000015200001c3e 00000152230bd240
0x0000000715bfd3d0:   0000000715bfd4c8 0000000715bfd3e8
0x0000000715bfd3e0:   0000000000000000 0000000000000000
0x0000000715bfd3f0:   0000000000000000 00007ffa3483b0cd
0x0000000715bfd400:   000001522328b0a0 00000152230bd230
0x0000000715bfd410:   00000152230beee0 00000152230c5218 

Instructions: (pc=0x00007ffa3459c164)
0x00007ffa3459c064:   00 00 03 72 2d 44 8b ce 48 8d 05 9d e0 01 00 ba
0x00007ffa3459c074:   2f 00 00 00 4e 8b 0c c8 48 8b 89 90 02 00 00 4c
0x00007ffa3459c084:   8d 05 b6 df 01 00 e8 b1 50 ff ff 48 8b 0d 4a 39
0x00007ffa3459c094:   02 00 48 3b cb 74 68 f6 81 9c 02 00 00 10 74 5f
0x00007ffa3459c0a4:   80 b9 99 02 00 00 02 72 56 4c 8b 8c 24 90 00 00
0x00007ffa3459c0b4:   00 4c 8d 05 84 df 01 00 48 8b 89 90 02 00 00 ba
0x00007ffa3459c0c4:   31 00 00 00 e8 73 50 ff ff eb 34 49 8b 0f 4c 8b
0x00007ffa3459c0d4:   c3 48 8b d6 e8 d3 63 00 00 48 8b 84 24 b0 00 00
0x00007ffa3459c0e4:   00 89 18 48 8b 0d ca 4c 02 00 4c 8b c6 33 d2 ff
0x00007ffa3459c0f4:   15 e7 50 01 00 eb 08 a8 02 75 04 c6 47 40 01 b8
0x00007ffa3459c104:   ff ff ff ff f0 0f c1 47 10 4c 8b b4 24 88 00 00
0x00007ffa3459c114:   00 83 f8 01 75 42 48 8b 4f 18 48 81 c1 70 01 00
0x00007ffa3459c124:   00 ff 15 7d 51 01 00 48 8b 0f 48 8b 47 08 48 89
0x00007ffa3459c134:   08 48 89 41 08 48 8b 4f 18 48 81 c1 70 01 00 00
0x00007ffa3459c144:   ff 15 66 51 01 00 48 8b 0d 67 4c 02 00 4c 8b c7
0x00007ffa3459c154:   33 d2 ff 15 84 50 01 00 48 8b 4d 20 48 8b 55 10
0x00007ffa3459c164:   48 8b 01 48 8b 80 08 01 00 00 ff 15 6c 51 01 00
0x00007ffa3459c174:   85 c0 74 40 48 8b 0d 61 38 02 00 48 8d 15 5a 38
0x00007ffa3459c184:   02 00 48 3b ca 74 2d f6 81 9c 02 00 00 10 74 24
0x00007ffa3459c194:   80 b9 99 02 00 00 03 72 1b 48 8b 89 90 02 00 00
0x00007ffa3459c1a4:   4c 8d 05 95 de 01 00 ba 15 00 00 00 44 8b c8 e8
0x00007ffa3459c1b4:   c8 4e ff ff 48 8b 6c 24 78 48 8b b4 24 80 00 00
0x00007ffa3459c1c4:   00 48 83 c4 50 41 5f 5f 5b c3 cc cc 40 57 48 83
0x00007ffa3459c1d4:   ec 30 f6 81 78 01 00 00 04 48 8b f9 0f 85 87 02
0x00007ffa3459c1e4:   00 00 48 89 5c 24 40 45 33 c9 48 89 6c 24 48 33
0x00007ffa3459c1f4:   d2 48 89 74 24 50 48 8b 71 20 45 8d 41 32 48 8b
0x00007ffa3459c204:   ce 48 8b 06 48 8b 40 08 ff 15 ce 50 01 00 48 8d
0x00007ffa3459c214:   2d c7 37 02 00 85 c0 74 37 48 8b 0d bc 37 02 00
0x00007ffa3459c224:   48 3b cd 74 2b f6 81 9c 02 00 00 10 74 22 80 b9
0x00007ffa3459c234:   99 02 00 00 02 72 19 48 8b 89 90 02 00 00 ba 11
0x00007ffa3459c244:   00 00 00 89 44 24 20 44 8d 4a 21 e8 7c dc ff ff
0x00007ffa3459c254:   48 8b 06 45 33 c9 33 d2 48 8b ce 48 8b 40 08 45 


Stack slot to memory mapping:
stack at sp + 0 slots: 0x00000152230beeb0 points into unknown readable memory: 0x6e616c2f6176616a | 6a 61 76 61 2f 6c 61 6e
stack at sp + 1 slots: 0x0000015223016550 points into unknown readable memory: 0x00007ff9c7a0f9a0 | a0 f9 a0 c7 f9 7f 00 00
stack at sp + 2 slots: 0x0000000000001c3e is an unknown value
stack at sp + 3 slots: 0x0000000715bfd390 is pointing into the stack for thread: 0x0000015223016270
stack at sp + 4 slots: 0x0 is NULL
stack at sp + 5 slots: 0x00007ff9c7317bc0 jvm.dll
stack at sp + 6 slots: 0x000000080052fed8 is pointing into metadata
stack at sp + 7 slots: 0x000001527a1cf8d0 points into unknown readable memory: 0x000001527a0d0750 | 50 07 0d 7a 52 01 00 00


---------------  P R O C E S S  ---------------

Threads class SMR info:
_java_thread_list=0x000001522362dde0, length=13, elements={
0x0000015223009b10, 0x000001522300a640, 0x000001522300f7f0, 0x0000015223010120,
0x0000015223010e60, 0x0000015223013d40, 0x000001522301d3e0, 0x0000015223029d70,
0x00000152230147e0, 0x00000152230157d0, 0x0000015223015d20, 0x00000152231bcfa0,
0x0000015223016270
}

Java Threads: ( => current thread )
  0x0000015223009b10 JavaThread "Reference Handler" daemon [_thread_blocked, id=11628, stack(0x0000000714e00000,0x0000000714f00000)]
  0x000001522300a640 JavaThread "Finalizer" daemon [_thread_blocked, id=8172, stack(0x0000000714f00000,0x0000000715000000)]
  0x000001522300f7f0 JavaThread "Signal Dispatcher" daemon [_thread_blocked, id=27496, stack(0x0000000715000000,0x0000000715100000)]
  0x0000015223010120 JavaThread "Attach Listener" daemon [_thread_blocked, id=12776, stack(0x0000000715100000,0x0000000715200000)]
  0x0000015223010e60 JavaThread "Service Thread" daemon [_thread_blocked, id=30688, stack(0x0000000715200000,0x0000000715300000)]
  0x0000015223013d40 JavaThread "Monitor Deflation Thread" daemon [_thread_blocked, id=4228, stack(0x0000000715300000,0x0000000715400000)]
  0x000001522301d3e0 JavaThread "C2 CompilerThread0" daemon [_thread_blocked, id=18236, stack(0x0000000715400000,0x0000000715500000)]
  0x0000015223029d70 JavaThread "C1 CompilerThread0" daemon [_thread_blocked, id=27992, stack(0x0000000715500000,0x0000000715600000)]
  0x00000152230147e0 JavaThread "Sweeper thread" daemon [_thread_blocked, id=22772, stack(0x0000000715600000,0x0000000715700000)]
  0x00000152230157d0 JavaThread "Notification Thread" daemon [_thread_blocked, id=25852, stack(0x0000000715700000,0x0000000715800000)]
  0x0000015223015d20 JavaThread "Common-Cleaner" daemon [_thread_blocked, id=26376, stack(0x0000000715900000,0x0000000715a00000)]
  0x00000152231bcfa0 JavaThread "C2 CompilerThread1" daemon [_thread_blocked, id=12548, stack(0x0000000715a00000,0x0000000715b00000)]
=>0x0000015223016270 JavaThread "Monitor Ctrl-Break" daemon [_thread_in_native, id=11716, stack(0x0000000715b00000,0x0000000715c00000)]

Other Threads:
  0x000001527c6a0620 VMThread "VM Thread" [stack: 0x0000000714d00000,0x0000000714e00000] [id=29264] _threads_hazard_ptr=0x000001522362dde0
  0x000001527a8bcab0 WorkerThread "GC Thread#0" [stack: 0x0000000714800000,0x0000000714900000] [id=3944]
  0x000001527a8ce350 ConcurrentGCThread "G1 Main Marker" terminated
  0x000001527c4b0820 WorkerThread "G1 Conc#0" [stack: 0x0000000714a00000,0x0000000714b00000] [id=3500]
  0x000001527c5496b0 ConcurrentGCThread "G1 Refine#0" terminated
  0x000001527c54a090 ConcurrentGCThread "G1 Service" terminated

Threads with active compile tasks:
C1 CompilerThread0      514  270       3       jdk.internal.org.objectweb.asm.SymbolTable$Entry::<init> (17 bytes)

VM state: at safepoint (normal execution)

VM Mutex/Monitor currently owned by a thread:  ([mutex/lock_event])
[0x000001527a847f90] Threads_lock - owner thread: 0x000001527c6a0620
[0x000001527a8486e0] Heap_lock - owner thread: 0x0000015223014290

Heap address: 0x00000004d8200000, size: 4028 MB, Compressed Oops mode: Zero based, Oop shift amount: 3

CDS archive(s) mapped at: [0x0000000800000000-0x0000000800c40000-0x0000000800c40000), size 12845056, SharedBaseAddress: 0x0000000800000000, ArchiveRelocationMode: 0.
Compressed class space mapped at: 0x0000000801000000-0x0000000841000000, reserved size: 1073741824
Narrow klass base: 0x0000000800000000, Narrow klass shift: 0, Narrow klass range: 0x100000000

GC Precious Log:
 CardTable entry size: 512
 Card Set container configuration: InlinePtr #cards 4 size 8 Array Of Cards #cards 16 size 48 Howl #buckets 8 coarsen threshold 3686 Howl Bitmap #cards 512 size 80 coarsen threshold 460 Card regions per heap region 1 cards per card region 4096
 CPUs: 8 total, 8 available
 Memory: 16105M
 Large Page Support: Disabled
 NUMA Support: Disabled
 Compressed Oops: Enabled (Zero based)
 Heap Region Size: 2M
 Heap Min Capacity: 8M
 Heap Initial Capacity: 252M
 Heap Max Capacity: 4028M
 Pre-touch: Disabled
 Parallel Workers: 8
 Concurrent Workers: 2
 Concurrent Refinement Workers: 8
 Periodic GC: Disabled

Heap:
 garbage-first heap   total 258048K, used 4096K [0x00000004d8200000, 0x00000005d3e00000)
  region size 2048K, 4 young (8192K), 0 survivors (0K)
 Metaspace       used 705K, committed 896K, reserved 1114112K
  class space    used 35K, committed 128K, reserved 1048576K

Heap Regions: E=young(eden), S=young(survivor), O=old, HS=humongous(starts), HC=humongous(continues), CS=collection set, F=free, OA=open archive, CA=closed archive, TAMS=top-at-mark-start (previous, next)
|   0|0x00000004d8200000, 0x00000004d8200000, 0x00000004d8400000|  0%| F|  |TAMS 0x00000004d8200000, 0x00000004d8200000| Untracked 
|   1|0x00000004d8400000, 0x00000004d8400000, 0x00000004d8600000|  0%| F|  |TAMS 0x00000004d8400000, 0x00000004d8400000| Untracked 
|   2|0x00000004d8600000, 0x00000004d8600000, 0x00000004d8800000|  0%| F|  |TAMS 0x00000004d8600000, 0x00000004d8600000| Untracked 
|   3|0x00000004d8800000, 0x00000004d8800000, 0x00000004d8a00000|  0%| F|  |TAMS 0x00000004d8800000, 0x00000004d8800000| Untracked 
|   4|0x00000004d8a00000, 0x00000004d8a00000, 0x00000004d8c00000|  0%| F|  |TAMS 0x00000004d8a00000, 0x00000004d8a00000| Untracked 
|   5|0x00000004d8c00000, 0x00000004d8c00000, 0x00000004d8e00000|  0%| F|  |TAMS 0x00000004d8c00000, 0x00000004d8c00000| Untracked 
|   6|0x00000004d8e00000, 0x00000004d8e00000, 0x00000004d9000000|  0%| F|  |TAMS 0x00000004d8e00000, 0x00000004d8e00000| Untracked 
|   7|0x00000004d9000000, 0x00000004d9000000, 0x00000004d9200000|  0%| F|  |TAMS 0x00000004d9000000, 0x00000004d9000000| Untracked 
|   8|0x00000004d9200000, 0x00000004d9200000, 0x00000004d9400000|  0%| F|  |TAMS 0x00000004d9200000, 0x00000004d9200000| Untracked 
|   9|0x00000004d9400000, 0x00000004d9400000, 0x00000004d9600000|  0%| F|  |TAMS 0x00000004d9400000, 0x00000004d9400000| Untracked 
|  10|0x00000004d9600000, 0x00000004d9600000, 0x00000004d9800000|  0%| F|  |TAMS 0x00000004d9600000, 0x00000004d9600000| Untracked 
|  11|0x00000004d9800000, 0x00000004d9800000, 0x00000004d9a00000|  0%| F|  |TAMS 0x00000004d9800000, 0x00000004d9800000| Untracked 
|  12|0x00000004d9a00000, 0x00000004d9a00000, 0x00000004d9c00000|  0%| F|  |TAMS 0x00000004d9a00000, 0x00000004d9a00000| Untracked 
|  13|0x00000004d9c00000, 0x00000004d9c00000, 0x00000004d9e00000|  0%| F|  |TAMS 0x00000004d9c00000, 0x00000004d9c00000| Untracked 
|  14|0x00000004d9e00000, 0x00000004d9e00000, 0x00000004da000000|  0%| F|  |TAMS 0x00000004d9e00000, 0x00000004d9e00000| Untracked 
|  15|0x00000004da000000, 0x00000004da000000, 0x00000004da200000|  0%| F|  |TAMS 0x00000004da000000, 0x00000004da000000| Untracked 
|  16|0x00000004da200000, 0x00000004da200000, 0x00000004da400000|  0%| F|  |TAMS 0x00000004da200000, 0x00000004da200000| Untracked 
|  17|0x00000004da400000, 0x00000004da400000, 0x00000004da600000|  0%| F|  |TAMS 0x00000004da400000, 0x00000004da400000| Untracked 
|  18|0x00000004da600000, 0x00000004da600000, 0x00000004da800000|  0%| F|  |TAMS 0x00000004da600000, 0x00000004da600000| Untracked 
|  19|0x00000004da800000, 0x00000004da800000, 0x00000004daa00000|  0%| F|  |TAMS 0x00000004da800000, 0x00000004da800000| Untracked 
|  20|0x00000004daa00000, 0x00000004daa00000, 0x00000004dac00000|  0%| F|  |TAMS 0x00000004daa00000, 0x00000004daa00000| Untracked 
|  21|0x00000004dac00000, 0x00000004dac00000, 0x00000004dae00000|  0%| F|  |TAMS 0x00000004dac00000, 0x00000004dac00000| Untracked 
|  22|0x00000004dae00000, 0x00000004dae00000, 0x00000004db000000|  0%| F|  |TAMS 0x00000004dae00000, 0x00000004dae00000| Untracked 
|  23|0x00000004db000000, 0x00000004db000000, 0x00000004db200000|  0%| F|  |TAMS 0x00000004db000000, 0x00000004db000000| Untracked 
|  24|0x00000004db200000, 0x00000004db200000, 0x00000004db400000|  0%| F|  |TAMS 0x00000004db200000, 0x00000004db200000| Untracked 
|  25|0x00000004db400000, 0x00000004db400000, 0x00000004db600000|  0%| F|  |TAMS 0x00000004db400000, 0x00000004db400000| Untracked 
|  26|0x00000004db600000, 0x00000004db600000, 0x00000004db800000|  0%| F|  |TAMS 0x00000004db600000, 0x00000004db600000| Untracked 
|  27|0x00000004db800000, 0x00000004db800000, 0x00000004dba00000|  0%| F|  |TAMS 0x00000004db800000, 0x00000004db800000| Untracked 
|  28|0x00000004dba00000, 0x00000004dba00000, 0x00000004dbc00000|  0%| F|  |TAMS 0x00000004dba00000, 0x00000004dba00000| Untracked 
|  29|0x00000004dbc00000, 0x00000004dbc00000, 0x00000004dbe00000|  0%| F|  |TAMS 0x00000004dbc00000, 0x00000004dbc00000| Untracked 
|  30|0x00000004dbe00000, 0x00000004dbe00000, 0x00000004dc000000|  0%| F|  |TAMS 0x00000004dbe00000, 0x00000004dbe00000| Untracked 
|  31|0x00000004dc000000, 0x00000004dc000000, 0x00000004dc200000|  0%| F|  |TAMS 0x00000004dc000000, 0x00000004dc000000| Untracked 
|  32|0x00000004dc200000, 0x00000004dc200000, 0x00000004dc400000|  0%| F|  |TAMS 0x00000004dc200000, 0x00000004dc200000| Untracked 
|  33|0x00000004dc400000, 0x00000004dc400000, 0x00000004dc600000|  0%| F|  |TAMS 0x00000004dc400000, 0x00000004dc400000| Untracked 
|  34|0x00000004dc600000, 0x00000004dc600000, 0x00000004dc800000|  0%| F|  |TAMS 0x00000004dc600000, 0x00000004dc600000| Untracked 
|  35|0x00000004dc800000, 0x00000004dc800000, 0x00000004dca00000|  0%| F|  |TAMS 0x00000004dc800000, 0x00000004dc800000| Untracked 
|  36|0x00000004dca00000, 0x00000004dca00000, 0x00000004dcc00000|  0%| F|  |TAMS 0x00000004dca00000, 0x00000004dca00000| Untracked 
|  37|0x00000004dcc00000, 0x00000004dcc00000, 0x00000004dce00000|  0%| F|  |TAMS 0x00000004dcc00000, 0x00000004dcc00000| Untracked 
|  38|0x00000004dce00000, 0x00000004dce00000, 0x00000004dd000000|  0%| F|  |TAMS 0x00000004dce00000, 0x00000004dce00000| Untracked 
|  39|0x00000004dd000000, 0x00000004dd000000, 0x00000004dd200000|  0%| F|  |TAMS 0x00000004dd000000, 0x00000004dd000000| Untracked 
|  40|0x00000004dd200000, 0x00000004dd200000, 0x00000004dd400000|  0%| F|  |TAMS 0x00000004dd200000, 0x00000004dd200000| Untracked 
|  41|0x00000004dd400000, 0x00000004dd400000, 0x00000004dd600000|  0%| F|  |TAMS 0x00000004dd400000, 0x00000004dd400000| Untracked 
|  42|0x00000004dd600000, 0x00000004dd600000, 0x00000004dd800000|  0%| F|  |TAMS 0x00000004dd600000, 0x00000004dd600000| Untracked 
|  43|0x00000004dd800000, 0x00000004dd800000, 0x00000004dda00000|  0%| F|  |TAMS 0x00000004dd800000, 0x00000004dd800000| Untracked 
|  44|0x00000004dda00000, 0x00000004dda00000, 0x00000004ddc00000|  0%| F|  |TAMS 0x00000004dda00000, 0x00000004dda00000| Untracked 
|  45|0x00000004ddc00000, 0x00000004ddc00000, 0x00000004dde00000|  0%| F|  |TAMS 0x00000004ddc00000, 0x00000004ddc00000| Untracked 
|  46|0x00000004dde00000, 0x00000004dde00000, 0x00000004de000000|  0%| F|  |TAMS 0x00000004dde00000, 0x00000004dde00000| Untracked 
|  47|0x00000004de000000, 0x00000004de000000, 0x00000004de200000|  0%| F|  |TAMS 0x00000004de000000, 0x00000004de000000| Untracked 
|  48|0x00000004de200000, 0x00000004de200000, 0x00000004de400000|  0%| F|  |TAMS 0x00000004de200000, 0x00000004de200000| Untracked 
|  49|0x00000004de400000, 0x00000004de400000, 0x00000004de600000|  0%| F|  |TAMS 0x00000004de400000, 0x00000004de400000| Untracked 
|  50|0x00000004de600000, 0x00000004de600000, 0x00000004de800000|  0%| F|  |TAMS 0x00000004de600000, 0x00000004de600000| Untracked 
|  51|0x00000004de800000, 0x00000004de800000, 0x00000004dea00000|  0%| F|  |TAMS 0x00000004de800000, 0x00000004de800000| Untracked 
|  52|0x00000004dea00000, 0x00000004dea00000, 0x00000004dec00000|  0%| F|  |TAMS 0x00000004dea00000, 0x00000004dea00000| Untracked 
|  53|0x00000004dec00000, 0x00000004dec00000, 0x00000004dee00000|  0%| F|  |TAMS 0x00000004dec00000, 0x00000004dec00000| Untracked 
|  54|0x00000004dee00000, 0x00000004dee00000, 0x00000004df000000|  0%| F|  |TAMS 0x00000004dee00000, 0x00000004dee00000| Untracked 
|  55|0x00000004df000000, 0x00000004df000000, 0x00000004df200000|  0%| F|  |TAMS 0x00000004df000000, 0x00000004df000000| Untracked 
|  56|0x00000004df200000, 0x00000004df200000, 0x00000004df400000|  0%| F|  |TAMS 0x00000004df200000, 0x00000004df200000| Untracked 
|  57|0x00000004df400000, 0x00000004df400000, 0x00000004df600000|  0%| F|  |TAMS 0x00000004df400000, 0x00000004df400000| Untracked 
|  58|0x00000004df600000, 0x00000004df600000, 0x00000004df800000|  0%| F|  |TAMS 0x00000004df600000, 0x00000004df600000| Untracked 
|  59|0x00000004df800000, 0x00000004df800000, 0x00000004dfa00000|  0%| F|  |TAMS 0x00000004df800000, 0x00000004df800000| Untracked 
|  60|0x00000004dfa00000, 0x00000004dfa00000, 0x00000004dfc00000|  0%| F|  |TAMS 0x00000004dfa00000, 0x00000004dfa00000| Untracked 
|  61|0x00000004dfc00000, 0x00000004dfc00000, 0x00000004dfe00000|  0%| F|  |TAMS 0x00000004dfc00000, 0x00000004dfc00000| Untracked 
|  62|0x00000004dfe00000, 0x00000004dfe00000, 0x00000004e0000000|  0%| F|  |TAMS 0x00000004dfe00000, 0x00000004dfe00000| Untracked 
|  63|0x00000004e0000000, 0x00000004e0000000, 0x00000004e0200000|  0%| F|  |TAMS 0x00000004e0000000, 0x00000004e0000000| Untracked 
|  64|0x00000004e0200000, 0x00000004e0200000, 0x00000004e0400000|  0%| F|  |TAMS 0x00000004e0200000, 0x00000004e0200000| Untracked 
|  65|0x00000004e0400000, 0x00000004e0400000, 0x00000004e0600000|  0%| F|  |TAMS 0x00000004e0400000, 0x00000004e0400000| Untracked 
|  66|0x00000004e0600000, 0x00000004e0600000, 0x00000004e0800000|  0%| F|  |TAMS 0x00000004e0600000, 0x00000004e0600000| Untracked 
|  67|0x00000004e0800000, 0x00000004e0800000, 0x00000004e0a00000|  0%| F|  |TAMS 0x00000004e0800000, 0x00000004e0800000| Untracked 
|  68|0x00000004e0a00000, 0x00000004e0a00000, 0x00000004e0c00000|  0%| F|  |TAMS 0x00000004e0a00000, 0x00000004e0a00000| Untracked 
|  69|0x00000004e0c00000, 0x00000004e0c00000, 0x00000004e0e00000|  0%| F|  |TAMS 0x00000004e0c00000, 0x00000004e0c00000| Untracked 
|  70|0x00000004e0e00000, 0x00000004e0e00000, 0x00000004e1000000|  0%| F|  |TAMS 0x00000004e0e00000, 0x00000004e0e00000| Untracked 
|  71|0x00000004e1000000, 0x00000004e1000000, 0x00000004e1200000|  0%| F|  |TAMS 0x00000004e1000000, 0x00000004e1000000| Untracked 
|  72|0x00000004e1200000, 0x00000004e1200000, 0x00000004e1400000|  0%| F|  |TAMS 0x00000004e1200000, 0x00000004e1200000| Untracked 
|  73|0x00000004e1400000, 0x00000004e1400000, 0x00000004e1600000|  0%| F|  |TAMS 0x00000004e1400000, 0x00000004e1400000| Untracked 
|  74|0x00000004e1600000, 0x00000004e1600000, 0x00000004e1800000|  0%| F|  |TAMS 0x00000004e1600000, 0x00000004e1600000| Untracked 
|  75|0x00000004e1800000, 0x00000004e1800000, 0x00000004e1a00000|  0%| F|  |TAMS 0x00000004e1800000, 0x00000004e1800000| Untracked 
|  76|0x00000004e1a00000, 0x00000004e1a00000, 0x00000004e1c00000|  0%| F|  |TAMS 0x00000004e1a00000, 0x00000004e1a00000| Untracked 
|  77|0x00000004e1c00000, 0x00000004e1c00000, 0x00000004e1e00000|  0%| F|  |TAMS 0x00000004e1c00000, 0x00000004e1c00000| Untracked 
|  78|0x00000004e1e00000, 0x00000004e1e00000, 0x00000004e2000000|  0%| F|  |TAMS 0x00000004e1e00000, 0x00000004e1e00000| Untracked 
|  79|0x00000004e2000000, 0x00000004e2000000, 0x00000004e2200000|  0%| F|  |TAMS 0x00000004e2000000, 0x00000004e2000000| Untracked 
|  80|0x00000004e2200000, 0x00000004e2200000, 0x00000004e2400000|  0%| F|  |TAMS 0x00000004e2200000, 0x00000004e2200000| Untracked 
|  81|0x00000004e2400000, 0x00000004e2400000, 0x00000004e2600000|  0%| F|  |TAMS 0x00000004e2400000, 0x00000004e2400000| Untracked 
|  82|0x00000004e2600000, 0x00000004e2600000, 0x00000004e2800000|  0%| F|  |TAMS 0x00000004e2600000, 0x00000004e2600000| Untracked 
|  83|0x00000004e2800000, 0x00000004e2800000, 0x00000004e2a00000|  0%| F|  |TAMS 0x00000004e2800000, 0x00000004e2800000| Untracked 
|  84|0x00000004e2a00000, 0x00000004e2a00000, 0x00000004e2c00000|  0%| F|  |TAMS 0x00000004e2a00000, 0x00000004e2a00000| Untracked 
|  85|0x00000004e2c00000, 0x00000004e2c00000, 0x00000004e2e00000|  0%| F|  |TAMS 0x00000004e2c00000, 0x00000004e2c00000| Untracked 
|  86|0x00000004e2e00000, 0x00000004e2e00000, 0x00000004e3000000|  0%| F|  |TAMS 0x00000004e2e00000, 0x00000004e2e00000| Untracked 
|  87|0x00000004e3000000, 0x00000004e3000000, 0x00000004e3200000|  0%| F|  |TAMS 0x00000004e3000000, 0x00000004e3000000| Untracked 
|  88|0x00000004e3200000, 0x00000004e3200000, 0x00000004e3400000|  0%| F|  |TAMS 0x00000004e3200000, 0x00000004e3200000| Untracked 
|  89|0x00000004e3400000, 0x00000004e3400000, 0x00000004e3600000|  0%| F|  |TAMS 0x00000004e3400000, 0x00000004e3400000| Untracked 
|  90|0x00000004e3600000, 0x00000004e3600000, 0x00000004e3800000|  0%| F|  |TAMS 0x00000004e3600000, 0x00000004e3600000| Untracked 
|  91|0x00000004e3800000, 0x00000004e3800000, 0x00000004e3a00000|  0%| F|  |TAMS 0x00000004e3800000, 0x00000004e3800000| Untracked 
|  92|0x00000004e3a00000, 0x00000004e3a00000, 0x00000004e3c00000|  0%| F|  |TAMS 0x00000004e3a00000, 0x00000004e3a00000| Untracked 
|  93|0x00000004e3c00000, 0x00000004e3c00000, 0x00000004e3e00000|  0%| F|  |TAMS 0x00000004e3c00000, 0x00000004e3c00000| Untracked 
|  94|0x00000004e3e00000, 0x00000004e3e00000, 0x00000004e4000000|  0%| F|  |TAMS 0x00000004e3e00000, 0x00000004e3e00000| Untracked 
|  95|0x00000004e4000000, 0x00000004e4000000, 0x00000004e4200000|  0%| F|  |TAMS 0x00000004e4000000, 0x00000004e4000000| Untracked 
|  96|0x00000004e4200000, 0x00000004e4200000, 0x00000004e4400000|  0%| F|  |TAMS 0x00000004e4200000, 0x00000004e4200000| Untracked 
|  97|0x00000004e4400000, 0x00000004e4400000, 0x00000004e4600000|  0%| F|  |TAMS 0x00000004e4400000, 0x00000004e4400000| Untracked 
|  98|0x00000004e4600000, 0x00000004e4600000, 0x00000004e4800000|  0%| F|  |TAMS 0x00000004e4600000, 0x00000004e4600000| Untracked 
|  99|0x00000004e4800000, 0x00000004e4800000, 0x00000004e4a00000|  0%| F|  |TAMS 0x00000004e4800000, 0x00000004e4800000| Untracked 
| 100|0x00000004e4a00000, 0x00000004e4a00000, 0x00000004e4c00000|  0%| F|  |TAMS 0x00000004e4a00000, 0x00000004e4a00000| Untracked 
| 101|0x00000004e4c00000, 0x00000004e4c00000, 0x00000004e4e00000|  0%| F|  |TAMS 0x00000004e4c00000, 0x00000004e4c00000| Untracked 
| 102|0x00000004e4e00000, 0x00000004e4e00000, 0x00000004e5000000|  0%| F|  |TAMS 0x00000004e4e00000, 0x00000004e4e00000| Untracked 
| 103|0x00000004e5000000, 0x00000004e5000000, 0x00000004e5200000|  0%| F|  |TAMS 0x00000004e5000000, 0x00000004e5000000| Untracked 
| 104|0x00000004e5200000, 0x00000004e5200000, 0x00000004e5400000|  0%| F|  |TAMS 0x00000004e5200000, 0x00000004e5200000| Untracked 
| 105|0x00000004e5400000, 0x00000004e5400000, 0x00000004e5600000|  0%| F|  |TAMS 0x00000004e5400000, 0x00000004e5400000| Untracked 
| 106|0x00000004e5600000, 0x00000004e5600000, 0x00000004e5800000|  0%| F|  |TAMS 0x00000004e5600000, 0x00000004e5600000| Untracked 
| 107|0x00000004e5800000, 0x00000004e5800000, 0x00000004e5a00000|  0%| F|  |TAMS 0x00000004e5800000, 0x00000004e5800000| Untracked 
| 108|0x00000004e5a00000, 0x00000004e5a00000, 0x00000004e5c00000|  0%| F|  |TAMS 0x00000004e5a00000, 0x00000004e5a00000| Untracked 
| 109|0x00000004e5c00000, 0x00000004e5c00000, 0x00000004e5e00000|  0%| F|  |TAMS 0x00000004e5c00000, 0x00000004e5c00000| Untracked 
| 110|0x00000004e5e00000, 0x00000004e5e00000, 0x00000004e6000000|  0%| F|  |TAMS 0x00000004e5e00000, 0x00000004e5e00000| Untracked 
| 111|0x00000004e6000000, 0x00000004e6000000, 0x00000004e6200000|  0%| F|  |TAMS 0x00000004e6000000, 0x00000004e6000000| Untracked 
| 112|0x00000004e6200000, 0x00000004e6200000, 0x00000004e6400000|  0%| F|  |TAMS 0x00000004e6200000, 0x00000004e6200000| Untracked 
| 113|0x00000004e6400000, 0x00000004e6400000, 0x00000004e6600000|  0%| F|  |TAMS 0x00000004e6400000, 0x00000004e6400000| Untracked 
| 114|0x00000004e6600000, 0x00000004e6600000, 0x00000004e6800000|  0%| F|  |TAMS 0x00000004e6600000, 0x00000004e6600000| Untracked 
| 115|0x00000004e6800000, 0x00000004e6800000, 0x00000004e6a00000|  0%| F|  |TAMS 0x00000004e6800000, 0x00000004e6800000| Untracked 
| 116|0x00000004e6a00000, 0x00000004e6a00000, 0x00000004e6c00000|  0%| F|  |TAMS 0x00000004e6a00000, 0x00000004e6a00000| Untracked 
| 117|0x00000004e6c00000, 0x00000004e6c00000, 0x00000004e6e00000|  0%| F|  |TAMS 0x00000004e6c00000, 0x00000004e6c00000| Untracked 
| 118|0x00000004e6e00000, 0x00000004e6e00000, 0x00000004e7000000|  0%| F|  |TAMS 0x00000004e6e00000, 0x00000004e6e00000| Untracked 
| 119|0x00000004e7000000, 0x00000004e7000000, 0x00000004e7200000|  0%| F|  |TAMS 0x00000004e7000000, 0x00000004e7000000| Untracked 
| 120|0x00000004e7200000, 0x00000004e7200000, 0x00000004e7400000|  0%| F|  |TAMS 0x00000004e7200000, 0x00000004e7200000| Untracked 
| 121|0x00000004e7400000, 0x00000004e7400000, 0x00000004e7600000|  0%| F|  |TAMS 0x00000004e7400000, 0x00000004e7400000| Untracked 
| 122|0x00000004e7600000, 0x00000004e76e1d08, 0x00000004e7800000| 44%| E|  |TAMS 0x00000004e7600000, 0x00000004e7600000| Complete 
| 123|0x00000004e7800000, 0x00000004e7a00000, 0x00000004e7a00000|100%| E|CS|TAMS 0x00000004e7800000, 0x00000004e7800000| Complete 
| 124|0x00000004e7a00000, 0x00000004e7c00000, 0x00000004e7c00000|100%| E|  |TAMS 0x00000004e7a00000, 0x00000004e7a00000| Complete 
| 125|0x00000004e7c00000, 0x00000004e7e00000, 0x00000004e7e00000|100%| E|CS|TAMS 0x00000004e7c00000, 0x00000004e7c00000| Complete 

Card table byte_map: [0x000001527b4f0000,0x000001527bcd0000] _byte_map_base: 0x0000015278e2f000

Marking Bits (Prev, Next): (CMBitMap*) 0x000001527a8bd0e0, (CMBitMap*) 0x000001527a8bd120
 Prev Bits: [0x0000015216ea0000, 0x000001521ad90000)
 Next Bits: [0x000001521ad90000, 0x000001521ec80000)

Polling page: 0x00000152785e0000

Metaspace:

Usage:
  Non-class:    669.48 KB used.
      Class:     35.80 KB used.
       Both:    705.28 KB used.

Virtual space:
  Non-class space:       64.00 MB reserved,     768.00 KB (  1%) committed,  1 nodes.
      Class space:        1.00 GB reserved,     128.00 KB ( <1%) committed,  1 nodes.
             Both:        1.06 GB reserved,     896.00 KB ( <1%) committed. 

Chunk freelists:
   Non-Class:  3.98 MB
       Class:  3.74 MB
        Both:  7.72 MB

MaxMetaspaceSize: unlimited
CompressedClassSpaceSize: 1.00 GB
Initial GC threshold: 21.00 MB
Current GC threshold: 21.00 MB
CDS: on
MetaspaceReclaimPolicy: balanced
 - commit_granule_bytes: 65536.
 - commit_granule_words: 8192.
 - virtual_space_node_default_size: 8388608.
 - enlarge_chunks_in_place: 1.
 - new_chunks_are_fully_committed: 0.
 - uncommit_free_chunks: 1.
 - use_allocation_guard: 0.


Internal statistics:

num_allocs_failed_limit: 0.
num_arena_births: 16.
num_arena_deaths: 0.
num_vsnodes_births: 2.
num_vsnodes_deaths: 0.
num_space_committed: 14.
num_space_uncommitted: 0.
num_chunks_returned_to_freelist: 0.
num_chunks_taken_from_freelist: 18.
num_chunk_merges: 0.
num_chunk_splits: 12.
num_chunks_enlarged: 7.
num_inconsistent_stats: 0.

CodeHeap 'non-profiled nmethods': size=120000Kb used=90Kb max_used=90Kb free=119909Kb
 bounds [0x000001520f970000, 0x000001520fbe0000, 0x0000015216ea0000]
CodeHeap 'profiled nmethods': size=120000Kb used=335Kb max_used=335Kb free=119664Kb
 bounds [0x0000015207ea0000, 0x0000015208110000, 0x000001520f3d0000]
CodeHeap 'non-nmethods': size=5760Kb used=1206Kb max_used=1219Kb free=4553Kb
 bounds [0x000001520f3d0000, 0x000001520f640000, 0x000001520f970000]
 total_blobs=673 nmethods=269 adapters=315
 compilation: enabled
              stopped_count=0, restarted_count=0
 full_count=0

Compilation events (20 events):
Event: 0.298 Thread 0x000001522301d3e0 nmethod 250 0x000001520f984890 code [0x000001520f984a00, 0x000001520f984a78]
Event: 0.298 Thread 0x0000015223029d70  253       3       java.lang.invoke.MemberName::testFlags (16 bytes)
Event: 0.298 Thread 0x0000015223029d70 nmethod 253 0x0000015207ef0190 code [0x0000015207ef0320, 0x0000015207ef0498]
Event: 0.299 Thread 0x0000015223029d70  254       3       jdk.internal.org.objectweb.asm.SymbolTable::get (13 bytes)
Event: 0.299 Thread 0x0000015223029d70 nmethod 254 0x0000015207ef0510 code [0x0000015207ef06a0, 0x0000015207ef07f8]
Event: 0.299 Thread 0x0000015223029d70  257       1       java.lang.invoke.MemberName::getDeclaringClass (5 bytes)
Event: 0.299 Thread 0x0000015223029d70 nmethod 257 0x000001520f985490 code [0x000001520f985620, 0x000001520f9856f8]
Event: 0.299 Thread 0x0000015223029d70  259       3       jdk.internal.org.objectweb.asm.SymbolTable::hash (10 bytes)
Event: 0.299 Thread 0x0000015223029d70 nmethod 259 0x0000015207ef0910 code [0x0000015207ef0ac0, 0x0000015207ef0be8]
Event: 0.299 Thread 0x0000015223029d70  260       3       jdk.internal.org.objectweb.asm.ByteVector::putUTF8 (144 bytes)
Event: 0.300 Thread 0x0000015223029d70 nmethod 260 0x0000015207ef0c90 code [0x0000015207ef0f00, 0x0000015207ef19e8]
Event: 0.300 Thread 0x0000015223029d70  263       3       jdk.internal.org.objectweb.asm.Symbol::<init> (38 bytes)
Event: 0.300 Thread 0x0000015223029d70 nmethod 263 0x0000015207ef1f10 code [0x0000015207ef20c0, 0x0000015207ef2378]
Event: 0.300 Thread 0x0000015223029d70  264       3       jdk.internal.org.objectweb.asm.SymbolTable::put (150 bytes)
Event: 0.301 Thread 0x0000015223029d70 nmethod 264 0x0000015207ef2490 code [0x0000015207ef2680, 0x0000015207ef2f58]
Event: 0.301 Thread 0x0000015223029d70  266       3       java.lang.StringLatin1::newString (24 bytes)
Event: 0.301 Thread 0x0000015223029d70 nmethod 266 0x0000015207ef3210 code [0x0000015207ef33e0, 0x0000015207ef3708]
Event: 0.301 Thread 0x0000015223029d70  265       3       java.lang.invoke.MemberName::isInvocable (8 bytes)
Event: 0.301 Thread 0x0000015223029d70 nmethod 265 0x0000015207ef3810 code [0x0000015207ef39c0, 0x0000015207ef3c58]
Event: 0.302 Thread 0x0000015223029d70  270       3       jdk.internal.org.objectweb.asm.SymbolTable$Entry::<init> (17 bytes)

GC Heap History (0 events):
No events

Dll operation events (8 events):
Event: 0.016 Loaded shared library C:\Program Files\Java\jdk-19\bin\java.dll
Event: 0.027 Loaded shared library C:\Program Files\Java\jdk-19\bin\jsvml.dll
Event: 0.181 Loaded shared library C:\Program Files\Java\jdk-19\bin\net.dll
Event: 0.184 Loaded shared library C:\Program Files\Java\jdk-19\bin\nio.dll
Event: 0.188 Loaded shared library C:\Program Files\Java\jdk-19\bin\zip.dll
Event: 0.283 Loaded shared library C:\Program Files\Java\jdk-19\bin\verify.dll
Event: 0.287 Loaded shared library D:\ideaIU-2019.1.4.win\bin\breakgen64.dll
Event: 0.299 Loaded shared library C:\Program Files\Java\jdk-19\bin\extnet.dll

Deoptimization events (20 events):
Event: 0.202 Thread 0x000001527a84d560 DEOPT PACKING pc=0x0000015207ec000c sp=0x00000007147fd920
Event: 0.202 Thread 0x000001527a84d560 DEOPT UNPACKING pc=0x000001520f437543 sp=0x00000007147fcdb0 mode 0
Event: 0.202 Thread 0x000001527a84d560 DEOPT PACKING pc=0x0000015207ec000c sp=0x00000007147fd920
Event: 0.202 Thread 0x000001527a84d560 DEOPT UNPACKING pc=0x000001520f437543 sp=0x00000007147fcdb0 mode 0
Event: 0.202 Thread 0x000001527a84d560 DEOPT PACKING pc=0x0000015207ec000c sp=0x00000007147fd920
Event: 0.202 Thread 0x000001527a84d560 DEOPT UNPACKING pc=0x000001520f437543 sp=0x00000007147fcdb0 mode 0
Event: 0.202 Thread 0x000001527a84d560 DEOPT PACKING pc=0x0000015207ec000c sp=0x00000007147fd920
Event: 0.202 Thread 0x000001527a84d560 DEOPT UNPACKING pc=0x000001520f437543 sp=0x00000007147fcdb0 mode 0
Event: 0.202 Thread 0x000001527a84d560 DEOPT PACKING pc=0x0000015207ec000c sp=0x00000007147fd920
Event: 0.202 Thread 0x000001527a84d560 DEOPT UNPACKING pc=0x000001520f437543 sp=0x00000007147fcdb0 mode 0
Event: 0.202 Thread 0x000001527a84d560 DEOPT PACKING pc=0x0000015207ec000c sp=0x00000007147fd920
Event: 0.202 Thread 0x000001527a84d560 DEOPT UNPACKING pc=0x000001520f437543 sp=0x00000007147fcdb0 mode 0
Event: 0.204 Thread 0x000001527a84d560 DEOPT PACKING pc=0x0000015207ec000c sp=0x00000007147fd920
Event: 0.204 Thread 0x000001527a84d560 DEOPT UNPACKING pc=0x000001520f437543 sp=0x00000007147fcdb0 mode 0
Event: 0.218 Thread 0x000001527a84d560 DEOPT PACKING pc=0x0000015207ea9ee7 sp=0x00000007147fd860
Event: 0.218 Thread 0x000001527a84d560 DEOPT UNPACKING pc=0x000001520f437543 sp=0x00000007147fcc80 mode 0
Event: 0.248 Thread 0x000001527a84d560 Uncommon trap: trap_request=0xffffff45 fr.pc=0x000001520f97a530 relative=0x0000000000000190
Event: 0.248 Thread 0x000001527a84d560 Uncommon trap: reason=unstable_if action=reinterpret pc=0x000001520f97a530 method=java.util.zip.ZipFile$Source.isMetaName([BII)Z @ 43 c2
Event: 0.248 Thread 0x000001527a84d560 DEOPT PACKING pc=0x000001520f97a530 sp=0x00000007147fda60
Event: 0.248 Thread 0x000001527a84d560 DEOPT UNPACKING pc=0x000001520f436da3 sp=0x00000007147fda08 mode 2

Classes loaded (20 events):
Event: 0.296 Loading class jdk/net/ExtendedSocketOptions
Event: 0.296 Loading class jdk/net/ExtendedSocketOptions done
Event: 0.296 Loading class jdk/net/ExtendedSocketOptions$ExtSocketOption
Event: 0.297 Loading class java/net/SocketOption
Event: 0.297 Loading class java/net/SocketOption done
Event: 0.297 Loading class jdk/net/ExtendedSocketOptions$ExtSocketOption done
Event: 0.297 Loading class jdk/net/UnixDomainPrincipal
Event: 0.297 Loading class jdk/net/UnixDomainPrincipal done
Event: 0.297 Loading class jdk/net/ExtendedSocketOptions$PlatformSocketOptions
Event: 0.297 Loading class jdk/net/ExtendedSocketOptions$PlatformSocketOptions done
Event: 0.297 Loading class jdk/net/ExtendedSocketOptions$PlatformSocketOptions$1
Event: 0.297 Loading class jdk/net/ExtendedSocketOptions$PlatformSocketOptions$1 done
Event: 0.297 Loading class jdk/net/WindowsSocketOptions
Event: 0.297 Loading class jdk/net/WindowsSocketOptions done
Event: 0.298 Loading class java/lang/invoke/BoundMethodHandle$Species_LL
Event: 0.298 Loading class java/lang/invoke/BoundMethodHandle$Species_LL done
Event: 0.299 Loading class jdk/net/ExtendedSocketOptions$1
Event: 0.299 Loading class jdk/net/ExtendedSocketOptions$1 done
Event: 0.300 Loading class java/net/StandardProtocolFamily
Event: 0.300 Loading class java/net/StandardProtocolFamily done

Classes unloaded (0 events):
No events

Classes redefined (0 events):
No events

Internal exceptions (2 events):
Event: 0.291 Thread 0x000001527a84d560 Exception <a 'java/lang/NoSuchMethodError'{0x00000004e79a6168}: 'void java.lang.invoke.DirectMethodHandle$Holder.invokeStatic(java.lang.Object, java.lang.Object)'> (0x00000004e79a6168) 
thrown [s\open\src\hotspot\share\interpreter\linkResolver.cpp, line 774]
Event: 0.296 Thread 0x000001527a84d560 Exception <a 'java/lang/NoSuchMethodError'{0x00000004e79b0060}: 'void java.lang.invoke.DirectMethodHandle$Holder.invokeSpecial(java.lang.Object, java.lang.Object, java.lang.Object)'> (0x00000004e79b0060) 
thrown [s\open\src\hotspot\share\interpreter\linkResolver.cpp, line 774]

VM Operations (2 events):
Event: 0.190 Executing VM operation: HandshakeAllThreads
Event: 0.190 Executing VM operation: HandshakeAllThreads done

Events (17 events):
Event: 0.028 Thread 0x000001527a84d560 Thread added: 0x000001527a84d560
Event: 0.044 Thread 0x0000015223009b10 Thread added: 0x0000015223009b10
Event: 0.044 Thread 0x000001522300a640 Thread added: 0x000001522300a640
Event: 0.044 Thread 0x000001522300f7f0 Thread added: 0x000001522300f7f0
Event: 0.045 Thread 0x0000015223010120 Thread added: 0x0000015223010120
Event: 0.045 Thread 0x0000015223010e60 Thread added: 0x0000015223010e60
Event: 0.045 Thread 0x0000015223013d40 Thread added: 0x0000015223013d40
Event: 0.045 Thread 0x000001522301d3e0 Thread added: 0x000001522301d3e0
Event: 0.045 Thread 0x0000015223029d70 Thread added: 0x0000015223029d70
Event: 0.045 Thread 0x00000152230147e0 Thread added: 0x00000152230147e0
Event: 0.169 Thread 0x00000152230157d0 Thread added: 0x00000152230157d0
Event: 0.176 Thread 0x0000015223015d20 Thread added: 0x0000015223015d20
Event: 0.222 Thread 0x00000152231bcfa0 Thread added: 0x00000152231bcfa0
Event: 0.288 Thread 0x0000015223016270 Thread added: 0x0000015223016270
Event: 0.301 Thread 0x000001527a84d560 Thread exited: 0x000001527a84d560
Event: 0.301 Thread 0x0000015223014290 Thread added: 0x0000015223014290
Event: 0.302 Thread 0x0000015223014290 Thread exited: 0x0000015223014290


Dynamic libraries:
0x00007ff740270000 - 0x00007ff740280000 	C:\Program Files\Java\jdk-19\bin\java.exe
0x00007ffa34e30000 - 0x00007ffa35044000 	C:\WINDOWS\SYSTEM32\ntdll.dll
0x00007ffa34b70000 - 0x00007ffa34c33000 	C:\WINDOWS\System32\KERNEL32.DLL
0x00007ffa347d0000 - 0x00007ffa34b6c000 	C:\WINDOWS\System32\KERNELBASE.dll
0x0000000063300000 - 0x000000006333b000 	C:\WINDOWS\System32\cyinjct.dll
0x00007ffa34660000 - 0x00007ffa3466c000 	C:\WINDOWS\System32\ntnativeapi.dll
0x00007ffa0a6a0000 - 0x00007ffa0a6b8000 	C:\Program Files\Java\jdk-19\bin\jli.dll
0x00007ffa32780000 - 0x00007ffa3282e000 	C:\WINDOWS\System32\ADVAPI32.dll
0x00007ffa33b10000 - 0x00007ffa33bb7000 	C:\WINDOWS\System32\msvcrt.dll
0x00007ffa33dc0000 - 0x00007ffa33e64000 	C:\WINDOWS\System32\sechost.dll
0x00007ffa346b0000 - 0x00007ffa347c5000 	C:\WINDOWS\System32\RPCRT4.dll
0x00000152782a0000 - 0x000001527844d000 	C:\WINDOWS\System32\USER32.dll
0x00007ffa32540000 - 0x00007ffa32566000 	C:\WINDOWS\System32\win32u.dll
0x00007ffa330f0000 - 0x00007ffa33119000 	C:\WINDOWS\System32\GDI32.dll
0x00007ffa32420000 - 0x00007ffa32533000 	C:\WINDOWS\System32\gdi32full.dll
0x00007ffa32570000 - 0x00007ffa3260a000 	C:\WINDOWS\System32\msvcp_win.dll
0x0000015278450000 - 0x0000015278561000 	C:\WINDOWS\System32\ucrtbase.dll
0x00007ff9f6000000 - 0x00007ff9f601b000 	C:\Program Files\Java\jdk-19\bin\VCRUNTIME140.dll
0x00007ffa16e00000 - 0x00007ffa1708e000 	C:\WINDOWS\WinSxS\amd64_microsoft.windows.common-controls_6595b64144ccf1df_6.0.22621.608_none_a9444ca7c10bb01d\COMCTL32.dll
0x00007ffa22270000 - 0x00007ffa2227a000 	C:\WINDOWS\SYSTEM32\VERSION.dll
0x00007ffa34640000 - 0x00007ffa3465e000 	C:\WINDOWS\System32\cyvera.dll
0x00007ffa345d0000 - 0x00007ffa34639000 	C:\WINDOWS\System32\cyvrtrap.dll
0x00007ffa33bd0000 - 0x00007ffa33c01000 	C:\WINDOWS\System32\IMM32.DLL
0x00007ffa0dca0000 - 0x00007ffa0dcac000 	C:\Program Files\Java\jdk-19\bin\vcruntime140_1.dll
0x00007ff9ecd20000 - 0x00007ff9ecdae000 	C:\Program Files\Java\jdk-19\bin\msvcp140.dll
0x00007ff9c6eb0000 - 0x00007ff9c7b70000 	C:\Program Files\Java\jdk-19\bin\server\jvm.dll
0x00007ffa1a630000 - 0x00007ffa1a639000 	C:\WINDOWS\SYSTEM32\WSOCK32.dll
0x00007ffa33190000 - 0x00007ffa33201000 	C:\WINDOWS\System32\WS2_32.dll
0x00007ffa10970000 - 0x00007ffa109a4000 	C:\WINDOWS\SYSTEM32\WINMM.dll
0x00007ffa31290000 - 0x00007ffa312a8000 	C:\WINDOWS\SYSTEM32\kernel.appcore.dll
0x00007ff9fbf20000 - 0x00007ff9fbf2a000 	C:\Program Files\Java\jdk-19\bin\jimage.dll
0x00007ffa2fbd0000 - 0x00007ffa2fdfe000 	C:\WINDOWS\SYSTEM32\DBGHELP.DLL
0x00007ffa34200000 - 0x00007ffa34589000 	C:\WINDOWS\System32\combase.dll
0x00007ffa33ed0000 - 0x00007ffa33fa7000 	C:\WINDOWS\System32\OLEAUT32.dll
0x00007ffa1a760000 - 0x00007ffa1a792000 	C:\WINDOWS\SYSTEM32\dbgcore.DLL
0x00007ffa32270000 - 0x00007ffa322eb000 	C:\WINDOWS\System32\bcryptPrimitives.dll
0x00007ffa34590000 - 0x00007ffa345c7000 	C:\Program Files\Palo Alto Networks\Traps\cyjagent.dll
0x00007ff9ed500000 - 0x00007ff9ed526000 	C:\Program Files\Java\jdk-19\bin\java.dll
0x00007ff9e82c0000 - 0x00007ff9e8397000 	C:\Program Files\Java\jdk-19\bin\jsvml.dll
0x00007ffa33270000 - 0x00007ffa33a60000 	C:\WINDOWS\System32\SHELL32.dll
0x00007ffa30170000 - 0x00007ffa30a3e000 	C:\WINDOWS\SYSTEM32\windows.storage.dll
0x00007ffa30030000 - 0x00007ffa3016e000 	C:\WINDOWS\SYSTEM32\wintypes.dll
0x00007ffa33c30000 - 0x00007ffa33d21000 	C:\WINDOWS\System32\SHCORE.dll
0x00007ffa33e70000 - 0x00007ffa33ece000 	C:\WINDOWS\System32\shlwapi.dll
0x00007ffa32080000 - 0x00007ffa320a1000 	C:\WINDOWS\SYSTEM32\profapi.dll
0x00007ff9ed4e0000 - 0x00007ff9ed4f3000 	C:\Program Files\Java\jdk-19\bin\net.dll
0x00007ffa28b00000 - 0x00007ffa28c2f000 	C:\WINDOWS\SYSTEM32\WINHTTP.dll
0x00007ffa31700000 - 0x00007ffa31769000 	C:\WINDOWS\system32\mswsock.dll
0x00007ff9ecd00000 - 0x00007ff9ecd16000 	C:\Program Files\Java\jdk-19\bin\nio.dll
0x00007ff9ecce0000 - 0x00007ff9eccf8000 	C:\Program Files\Java\jdk-19\bin\zip.dll
0x00007ff9f6440000 - 0x00007ff9f6450000 	C:\Program Files\Java\jdk-19\bin\verify.dll
0x00007ffa193d0000 - 0x00007ffa193ea000 	D:\ideaIU-2019.1.4.win\bin\breakgen64.dll
0x00007ff9f4970000 - 0x00007ff9f4978000 	C:\Program Files\Java\jdk-19\bin\extnet.dll

dbghelp: loaded successfully - version: 4.0.5 - missing functions: none
symbol engine: initialized successfully - sym options: 0x614 - pdb path: .;C:\Program Files\Java\jdk-19\bin;C:\WINDOWS\SYSTEM32;C:\WINDOWS\WinSxS\amd64_microsoft.windows.common-controls_6595b64144ccf1df_6.0.22621.608_none_a9444ca7c10bb01d;C:\Program Files\Java\jdk-19\bin\server;C:\Program Files\Palo Alto Networks\Traps;D:\ideaIU-2019.1.4.win\bin

VM Arguments:
jvm_args: -Didea.launcher.port=12366 -Didea.launcher.bin.path=D:\ideaIU-2019.1.4.win\bin -Dfile.encoding=UTF-8 -agentpath:C:\Program Files\Palo Alto Networks\Traps\cyjagent.dll 
java_command: com.intellij.rt.execution.application.AppMainV2 com.selenide.JsonToJavaConverter
java_class_path (initial): G:\All Projects\React Projects\selenide\target\test-classes;G:\All Projects\React Projects\selenide\target\classes;C:\Users\phsan\.m2\repository\com\codeborne\selenide\6.12.1\selenide-6.12.1.jar;C:\Users\phsan\.m2\repository\org\seleniumhq\selenium\selenium-java\4.8.1\selenium-java-4.8.1.jar;C:\Users\phsan\.m2\repository\org\seleniumhq\selenium\selenium-chrome-driver\4.8.1\selenium-chrome-driver-4.8.1.jar;C:\Users\phsan\.m2\repository\org\seleniumhq\selenium\selenium-chromium-driver\4.8.1\selenium-chromium-driver-4.8.1.jar;C:\Users\phsan\.m2\repository\org\seleniumhq\selenium\selenium-devtools-v108\4.8.1\selenium-devtools-v108-4.8.1.jar;C:\Users\phsan\.m2\repository\org\seleniumhq\selenium\selenium-devtools-v109\4.8.1\selenium-devtools-v109-4.8.1.jar;C:\Users\phsan\.m2\repository\org\seleniumhq\selenium\selenium-devtools-v110\4.8.1\selenium-devtools-v110-4.8.1.jar;C:\Users\phsan\.m2\repository\org\seleniumhq\selenium\selenium-devtools-v85\4.8.1\selenium-devtools-v85-4.8.1.jar;C:\Users\phsan\.m2\repository\org\seleniumhq\selenium\selenium-edge-driver\4.8.1\selenium-edge-driver-4.8.1.jar;C:\Users\phsan\.m2\repository\org\seleniumhq\selenium\selenium-firefox-driver\4.8.1\selenium-firefox-driver-4.8.1.jar;C:\Users\phsan\.m2\repository\org\seleniumhq\selenium\selenium-ie-driver\4.8.1\selenium-ie-driver-4.8.1.jar;C:\Users\phsan\.m2\repository\org\seleniumhq\selenium\selenium-remote-driver\4.8.1\selenium-remote-driver-4.8.1.jar;C:\Users\phsan\.m2\repository\io\netty\netty-buffer\4.1.87.Final\netty-buffer-4.1.87.Final.jar;C:\Users\phsan\.m2\repository\io\netty\netty-codec-http\4.1.87.Final\netty-codec-http-4.1.87.Final.jar;C:\Users\phsan\.m2\repository\io\netty\netty-codec\4.1.87.Final\netty-codec-4.1.87.Final.jar;C:\Users\phsan\.m2\repository\io\netty\netty-handler\4.1.87.Final\netty-handler-4.1.87.Final.jar;C:\Users\phsan\.m2\repository\io\netty\netty-common\4.1.87.Final\netty-common-4.1.87.Final.jar;C:\Users\phsan\.m2\repository\io\netty\netty-transport-classes-epoll\4.1.87.Final\netty-transport-classes-epoll-4.1.87.Final.jar;C:\Users\phsan\.m2\repository\io\netty\netty-transport-classes-kqueue\4.1.87.Final\netty-transport-classes-kqueue-4.1.87.Final.jar;C:\Users\phsan\.m2\repository\io\netty\netty-transport-native-epoll\4.1.87.Final\netty-transport-native-epoll-4.1.87.Final.jar;C:\Users\phsan\.m2\repository\io\netty\netty-transport-native-kqueue\4.1.87.Final\netty-transport-native-kqueue-4.1.87.Final.jar;C:\Users\phsan\.m2\repository\io\netty\netty-transport-native-unix-common\4.1.87.Final\netty-transport-native-unix-common-4.1.87.Final.jar;C:\Users\phsan\.m2\repository\io\netty\netty-transport\4.1.87.Final\netty-transport-4.1.87.Final.jar;C:\Users\phsan\.m2\repository\io\netty\netty-resolver\4.1.87.Final\netty-resolver-4.1.87.Final.jar;C:\Users\phsan\.m2\repository\io\opentelemetry\opentelemetry-api\1.22.0\opentelemetry-api-1.22.0.jar;C:\Users\phsan\.m2\repository\io\opentelemetry\opentelemetry-context\1.22.0\opentelemetry-context-1.22.0.jar;C:\Users\phsan\.m2\repository\io\opentelemetry\opentelemetry-exporter-logging\1.22.0\opentelemetry-exporter-logging-1.22.0.jar;C:\Users\phsan\.m2\repository\io\opentelemetry\opentelemetry-sdk-metrics\1.22.0\opentelemetry-sdk-metrics-1.22.0.jar;C:\Users\phsan\.m2\repository\io\opentelemetry\opentelemetry-sdk-logs\1.22.0-alpha\opentelemetry-sdk-logs-1.22.0-alpha.jar;C:\Users\phsan\.m2\repository\io\opentelemetry\opentelemetry-api-logs\1.22.0-alpha\opentelemetry-api-logs-1.22.0-alpha.jar;C:\Users\phsan\.m2\repository\io\opentelemetry\opentelemetry-sdk-common\1.22.0\opentelemetry-sdk-common-1.22.0.jar;C:\Users\phsan\.m2\repository\io\opentelemetry\opentelemetry-sdk-extension-autoconfigure-spi\1.22.0\opentelemetry-sdk-extension-autoconfigure-spi-1.22.0.jar;C:\Users\phsan\.m2\repository\io\opentelemetry\opentelemetry-sdk-extension-autoconfigure\1.22.0-alpha\opentelemetry-sdk-extension-autoconfigure-1.22.0-alpha.jar;C:\Users\phsan\.m2\repository\io\opentelemetry\opentelemetry-sdk-trace\1.22.0\opentelemetry-sdk-trace-1.22.0.jar;C:\Users\phsan\.m2\repository\io\opentelemetry\opentelemetry-sdk\1.22.0\opentelemetry-sdk-1.22.0.jar;C:\Users\phsan\.m2\repository\io\opentelemetry\opentelemetry-semconv\1.22.0-alpha\opentelemetry-semconv-1.22.0-alpha.jar;C:\Users\phsan\.m2\repository\io\ous\jtoml\2.0.0\jtoml-2.0.0.jar;C:\Users\phsan\.m2\repository\net\bytebuddy\byte-buddy\1.12.22\byte-buddy-1.12.22.jar;C:\Users\phsan\.m2\repository\org\apache\commons\commons-exec\1.3\commons-exec-1.3.jar;C:\Users\phsan\.m2\repository\org\asynchttpclient\async-http-client\2.12.3\async-http-client-2.12.3.jar;C:\Users\phsan\.m2\repository\org\asynchttpclient\async-http-client-netty-utils\2.12.3\async-http-client-netty-utils-2.12.3.jar;C:\Users\phsan\.m2\repository\io\netty\netty-codec-socks\4.1.60.Final\netty-codec-socks-4.1.60.Final.jar;C:\Users\phsan\.m2\repository\io\netty\netty-handler-proxy\4.1.60.Final\netty-handler-proxy-4.1.60.Final.jar;C:\Users\phsan\.m2\repository\io\netty\netty-transport-native-epoll\4.1.60.Final\netty-transport-native-epoll-4.1.60.Final-linux-x86_64.jar;C:\Users\phsan\.m2\repository\io\netty\netty-transport-native-kqueue\4.1.60.Final\netty-transport-native-kqueue-4.1.60.Final-osx-x86_64.jar;C:\Users\phsan\.m2\repository\org\reactivestreams\reactive-streams\1.0.3\reactive-streams-1.0.3.jar;C:\Users\phsan\.m2\repository\com\typesafe\netty\netty-reactive-streams\2.0.4\netty-reactive-streams-2.0.4.jar;C:\Users\phsan\.m2\repository\com\sun\activation\jakarta.activation\1.2.2\jakarta.activation-1.2.2.jar;C:\Users\phsan\.m2\repository\org\seleniumhq\selenium\selenium-manager\4.8.1\selenium-manager-4.8.1.jar;C:\Users\phsan\.m2\repository\org\seleniumhq\selenium\selenium-safari-driver\4.8.1\selenium-safari-driver-4.8.1.jar;C:\Users\phsan\.m2\repository\org\seleniumhq\selenium\selenium-support\4.8.1\selenium-support-4.8.1.jar;C:\Users\phsan\.m2\repository\org\slf4j\slf4j-api\2.0.6\slf4j-api-2.0.6.jar;C:\Users\phsan\.m2\repository\com\codeborne\selenide-core\6.12.1\selenide-core-6.12.1.jar;C:\Users\phsan\.m2\repository\org\opentest4j\opentest4j\1.2.0\opentest4j-1.2.0.jar;C:\Users\phsan\.m2\repository\io\github\bonigarcia\webdrivermanager\5.3.2\webdrivermanager-5.3.2.jar;C:\Users\phsan\.m2\repository\com\google\code\gson\gson\2.10.1\gson-2.10.1.jar;C:\Users\phsan\.m2\repository\org\brotli\dec\0.1.2\dec-0.1.2.jar;C:\Users\phsan\.m2\repository\org\apache\commons\commons-compress\1.22\commons-compress-1.22.jar;C:\Users\phsan\.m2\repository\org\apache\httpcomponents\client5\httpclient5\5.2.1\httpclient5-5.2.1.jar;C:\Users\phsan\.m2\repository\org\apache\httpcomponents\core5\httpcore5\5.2\httpcore5-5.2.jar;C:\Users\phsan\.m2\repository\org\apache\httpcomponents\core5\httpcore5-h2\5.2\httpcore5-h2-5.2.jar;C:\Users\phsan\.m2\repository\com\google\guava\guava\31.1-jre\guava-31.1-jre.jar;C:\Users\phsan\.m2\repository\com\google\guava\failureaccess\1.0.1\failureaccess-1.0.1.jar;C:\Users\phsan\.m2\repository\com\google\guava\listenablefuture\9999.0-empty-to-avoid-conflict-with-guava\listenablefuture-9999.0-empty-to-avoid-conflict-with-guava.jar;C:\Users\phsan\.m2\repository\com\google\code\findbugs\jsr305\3.0.2\jsr305-3.0.2.jar;C:\Users\phsan\.m2\repository\org\checkerframework\checker-qual\3.12.0\checker-qual-3.12.0.jar;C:\Users\phsan\.m2\repository\com\google\errorprone\error_prone_annotations\2.11.0\error_prone_annotations-2.11.0.jar;C:\Users\phsan\.m2\repository\com\google\j2objc\j2objc-annotations\1.3\j2objc-annotations-1.3.jar;C:\Users\phsan\.m2\repository\org\apache\commons\commons-lang3\3.12.0\commons-lang3-3.12.0.jar;C:\Users\phsan\.m2\repository\commons-io\commons-io\2.11.0\commons-io-2.11.0.jar;C:\Users\phsan\.m2\repository\org\testng\testng\6.14.3\testng-6.14.3.jar;C:\Users\phsan\.m2\repository\com\beust\jcommander\1.72\jcommander-1.72.jar;C:\Users\phsan\.m2\repository\org\apache-extras\beanshell\bsh\2.0b6\bsh-2.0b6.jar;C:\Users\phsan\.m2\repository\org\seleniumhq\selenium\selenium-http-jdk-client\4.8.1\selenium-http-jdk-client-4.8.1.jar;C:\Users\phsan\.m2\repository\com\google\auto\service\auto-service-annotations\1.0.1\auto-service-annotations-1.0.1.jar;C:\Users\phsan\.m2\repository\com\google\auto\service\auto-service\1.0.1\auto-service-1.0.1.jar;C:\Users\phsan\.m2\repository\com\google\auto\auto-common\1.2\auto-common-1.2.jar;C:\Users\phsan\.m2\repository\org\seleniumhq\selenium\selenium-api\4.8.1\selenium-api-4.8.1.jar;C:\Users\phsan\.m2\repository\org\seleniumhq\selenium\selenium-http\4.8.1\selenium-http-4.8.1.jar;C:\Users\phsan\.m2\repository\dev\failsafe\failsafe\3.3.0\failsafe-3.3.0.jar;C:\Users\phsan\.m2\repository\org\seleniumhq\selenium\selenium-json\4.8.1\selenium-json-4.8.1.jar;C:\Users\phsan\.m2\repository\com\fasterxml\jackson\core\jackson-databind\2.13.3\jackson-databind-2.13.3.jar;C:\Users\phsan\.m2\repository\com\fasterxml\jackson\core\jackson-annotations\2.13.3\jackson-annotations-2.13.3.jar;C:\Users\phsan\.m2\repository\com\fasterxml\jackson\core\jackson-core\2.13.3\jackson-core-2.13.3.jar;D:\ideaIU-2019.1.4.win\lib\idea_rt.jar
Launcher Type: SUN_STANDARD

[Global flags]
     intx CICompilerCount                          = 4                                         {product} {ergonomic}
     uint ConcGCThreads                            = 2                                         {product} {ergonomic}
     uint G1ConcRefinementThreads                  = 8                                         {product} {ergonomic}
   size_t G1HeapRegionSize                         = 2097152                                   {product} {ergonomic}
    uintx GCDrainStackTargetSize                   = 64                                        {product} {ergonomic}
   size_t InitialHeapSize                          = 264241152                                 {product} {ergonomic}
   size_t MarkStackSize                            = 4194304                                   {product} {ergonomic}
   size_t MaxHeapSize                              = 4223664128                                {product} {ergonomic}
   size_t MaxNewSize                               = 2533359616                                {product} {ergonomic}
   size_t MinHeapDeltaBytes                        = 2097152                                   {product} {ergonomic}
   size_t MinHeapSize                              = 8388608                                   {product} {ergonomic}
    uintx NonNMethodCodeHeapSize                   = 5839372                                {pd product} {ergonomic}
    uintx NonProfiledCodeHeapSize                  = 122909434                              {pd product} {ergonomic}
    uintx ProfiledCodeHeapSize                     = 122909434                              {pd product} {ergonomic}
    uintx ReservedCodeCacheSize                    = 251658240                              {pd product} {ergonomic}
     bool SegmentedCodeCache                       = true                                      {product} {ergonomic}
   size_t SoftMaxHeapSize                          = 4223664128                             {manageable} {ergonomic}
     bool UseCompressedClassPointers               = true                           {product lp64_product} {ergonomic}
     bool UseCompressedOops                        = true                           {product lp64_product} {ergonomic}
     bool UseG1GC                                  = true                                      {product} {ergonomic}
     bool UseLargePagesIndividualAllocation        = false                                  {pd product} {ergonomic}

Logging:
Log output configuration:
 #0: stdout all=warning uptime,level,tags foldmultilines=false
 #1: stderr all=off uptime,level,tags foldmultilines=false

Environment Variables:
CLASSPATH=C:\Program Files\Java\jdk-19\lib\jrt-fs.jar
PATH=D:\ideaIU-2019.1.4.win\jre64\\bin;D:\ideaIU-2019.1.4.win\jre64\\bin\server;C:\Program Files\Common Files\Oracle\Java\javapath;C:\windows\system32;C:\windows;C:\windows\System32\Wbem;C:\windows\System32\WindowsPowerShell\v1.0\;C:\windows\System32\OpenSSH\;C:\Program Files (x86)\NVIDIA Corporation\PhysX\Common;C:\Program Files\NVIDIA Corporation\NVIDIA NvDLISR;C:\WINDOWS\system32;C:\WINDOWS;C:\WINDOWS\System32\Wbem;C:\WINDOWS\System32\WindowsPowerShell\v1.0\;C:\WINDOWS\System32\OpenSSH\;C:\Program Files\Java\jdk-13.0.2\bin;C:\Program Files\Java\jdk-13.0.2\lib;C:\Users\phsan\AppData\Local\Android\Sdk\build-tools;C:\Users\phsan\AppData\Local\Android\Sdk\build-tools\30.0.3;C:\Users\phsan\AppData\Local\Android\Sdk\tools;C:\Users\phsan\AppData\Local\Android\Sdk\platform-tools;D:\allure-2.14.0\bin;C:\Program Files\Git\cmd;G:\gradle-6.8.1-bin\gradle-6.8.1\bin;D:\sp\ela-test-automation\env\Scripts;C:\Program Files (x86)\Pulse Secure\VC142.CRT\X64\;C:\Program Files (x86)\Pulse Secure\VC142.CRT\X86\;C:\Program Files (x86)\Common Files\Pulse Secure\TNC Client Plugin\;C:\Program Files (x86)\Microsoft SQL Server\150\DTS\Binn\;C:\Program Files\Azure Data Studio\bin;C:\Program Files\Java\jdk-19\bin;C:\Program Files\dotnet\;C:\Program Files\nodejs\;C:\Users\phsan\AppData\Local\Programs\Python\Python39\Scripts\;C:\Users\phsan\AppData\Local\Programs\Python\Python39\;C:\Users\phsan\.windows-build-tools\python27\;C:\Program Files\nodejs\node_modules\npm\node_modules\npm-lifecycle\node-gyp-bin;C:\Users\phsan\AppData\Roaming\npm\node_modules\windows-build-tools\node_modules\.bin;C:\Users\phsan\AppData\Roaming\npm\node_modules\.bin;C:\Program Files (x86)\Common Files\Oracle\Java\javapath;C:\windows\system32;C:\windows;C:\windows\System32\Wbem;C:\windows\System32\WindowsPowerShell\v1.0\;C:\windows\System32\OpenSSH\;C:\Program Files (x86)\NVIDIA Corporation\PhysX\Common;C:\Program Files\NVIDIA Corporation\NVIDIA NvDLISR;C:\WINDOWS\system32;C:\WINDOWS;C:\WINDOWS\System32\Wbem;C:\WINDOWS\System32\WindowsPowerShell\v1.0\;C:\WINDOWS\System32\OpenSSH\;C:\Program Files\Java\jdk1.8.0_281\bin;C:\Program Files\nodejs\;C:\Users\phsan\AppData\Local\Microsoft\WindowsApps;C:\Program Files\Salesforce CLI\bin;C:\Users\phsan\AppData\Local\Programs\Microsoft VS Code\bin;C:\Users\phsan\AppData\Local\Microsoft\WindowsApps;C:\Program Files\Azure Data Studio\bin;C:\Users\phsan\AppData\Roaming\npm
USERNAME=phsan
OS=Windows_NT
PROCESSOR_IDENTIFIER=Intel64 Family 6 Model 142 Stepping 12, GenuineIntel
TMP=C:\Users\phsan\AppData\Local\Temp
TEMP=C:\Users\phsan\AppData\Local\Temp



---------------  S Y S T E M  ---------------

OS:
 Windows 11 , 64 bit Build 22621 (10.0.22621.1344)
OS uptime: 4 days 8:27 hours

CPU: total 8 (initial active 8) (4 cores per cpu, 2 threads per core) family 6 model 142 stepping 12 microcode 0xea, cx8, cmov, fxsr, ht, mmx, 3dnowpref, sse, sse2, sse3, ssse3, sse4.1, sse4.2, popcnt, lzcnt, tsc, tscinvbit, avx, avx2, aes, erms, clmul, bmi1, bmi2, adx, fma, vzeroupper, clflush, clflushopt, rdtscp

Memory: 4k page, system-wide physical 16105M (6777M free)
TotalPageFile size 18025M (AvailPageFile size 4798M)
current process WorkingSet (physical memory assigned to process): 41M, peak: 41M
current process commit charge ("private bytes"): 346M, peak: 346M

vm_info: Java HotSpot(TM) 64-Bit Server VM (19.0.2+7-44) for windows-amd64 JRE (19.0.2+7-44), built on 2022-11-30T18:02:09Z by "mach5one" with MS VC++ 17.1 (VS2022)

END.
